
Dec 18, 2022 08:53:43.202 NEW SESSION
Dec 18, 2022 08:53:43.202 [2608:4152:1218/085343.199:ERROR:device_event_log_impl.cc(215)] [08:53:43.200] USB: usb_device_handle_win.cc:1045 Failed to read descriptor from node connection: A device attached to the system is not functioning. (0x1F)
Dec 18, 2022 08:53:43.203 [2608:4152:1218/085343.200:ERROR:device_event_log_impl.cc(215)] [08:53:43.201] USB: usb_device_handle_win.cc:1045 Failed to read descriptor from node connection: A device attached to the system is not functioning. (0x1F)
Dec 18, 2022 08:54:38.561 [2608:6108:1218/085438.560:ERROR:util.cc(133)] Can't create base directory: C:\Program Files\Google\GoogleUpdater
Dec 18, 2022 08:58:42.222 [5044:7120:1218/085842.221:ERROR:device_event_log_impl.cc(215)] [08:58:42.221] USB: usb_device_handle_win.cc:1045 Failed to read descriptor from node connection: A device attached to the system is not functioning. (0x1F)
Dec 18, 2022 08:58:42.223 [5044:7120:1218/085842.222:ERROR:device_event_log_impl.cc(215)] [08:58:42.223] USB: usb_device_handle_win.cc:1045 Failed to read descriptor from node connection: A device attached to the system is not functioning. (0x1F)
Dec 18, 2022 08:58:42.223 [5044:7120:1218/085842.222:ERROR:device_event_log_impl.cc(215)] [08:58:42.223] USB: usb_device_handle_win.cc:1045 Failed to read descriptor from node connection: A device attached to the system is not functioning. (0x1F)
Dec 18, 2022 08:59:37.351 [5044:6660:1218/085937.350:ERROR:util.cc(133)] Can't create base directory: C:\Program Files\Google\GoogleUpdater
Dec 18, 2022 09:21:34.930 [7540:4768:1218/092134.929:ERROR:device_event_log_impl.cc(215)] [09:21:34.930] USB: usb_device_handle_win.cc:1045 Failed to read descriptor from node connection: A device attached to the system is not functioning. (0x1F)
Dec 18, 2022 09:21:34.931 [7540:4768:1218/092134.930:ERROR:device_event_log_impl.cc(215)] [09:21:34.931] USB: usb_device_handle_win.cc:1045 Failed to read descriptor from node connection: A device attached to the system is not functioning. (0x1F)
Dec 18, 2022 09:21:34.932 [7540:4768:1218/092134.931:ERROR:device_event_log_impl.cc(215)] [09:21:34.931] USB: usb_device_handle_win.cc:1045 Failed to read descriptor from node connection: A device attached to the system is not functioning. (0x1F)
Dec 18, 2022 09:22:32.480 [7540:8772:1218/092232.480:ERROR:util.cc(133)] Can't create base directory: C:\Program Files\Google\GoogleUpdater

Dec 18, 2022 09:33:50.85 NEW SESSION
Dec 18, 2022 09:33:50.85 [2260:3688:1218/093350.081:ERROR:device_event_log_impl.cc(215)] [09:33:50.080] USB: usb_device_handle_win.cc:1045 Failed to read descriptor from node connection: A device attached to the system is not functioning. (0x1F)
Dec 18, 2022 09:33:50.86 [2260:3688:1218/093350.082:ERROR:device_event_log_impl.cc(215)] [09:33:50.081] USB: usb_device_handle_win.cc:1045 Failed to read descriptor from node connection: A device attached to the system is not functioning. (0x1F)
Dec 18, 2022 09:33:50.87 [2260:3688:1218/093350.083:ERROR:device_event_log_impl.cc(215)] [09:33:50.082] USB: usb_device_handle_win.cc:1045 Failed to read descriptor from node connection: A device attached to the system is not functioning. (0x1F)
Dec 18, 2022 09:34:47.597 [2260:5060:1218/093447.596:ERROR:util.cc(133)] Can't create base directory: C:\Program Files\Google\GoogleUpdater
Dec 18, 2022 09:35:09.661 [2260:9148:1218/093509.660:ERROR:cert_verify_proc_builtin.cc(670)] CertVerifyProcBuiltin for www.codersdesks.com failed:
Dec 18, 2022 09:35:09.663 ----- Certificate i=0 (CN=codersdesks.com,OU=Domain Control Validated) -----
Dec 18, 2022 09:35:09.664 ERROR: Time is after notAfter
Dec 18, 2022 09:35:09.666 
Dec 18, 2022 09:35:09.668 
Dec 18, 2022 09:40:48.861 [2560:4380:1218/094048.860:ERROR:device_event_log_impl.cc(215)] [09:40:48.860] USB: usb_device_handle_win.cc:1045 Failed to read descriptor from node connection: A device attached to the system is not functioning. (0x1F)
Dec 18, 2022 09:40:48.862 [2560:4380:1218/094048.861:ERROR:device_event_log_impl.cc(215)] [09:40:48.862] USB: usb_device_handle_win.cc:1045 Failed to read descriptor from node connection: A device attached to the system is not functioning. (0x1F)
Dec 18, 2022 09:40:48.863 [2560:4380:1218/094048.862:ERROR:device_event_log_impl.cc(215)] [09:40:48.862] USB: usb_device_handle_win.cc:1045 Failed to read descriptor from node connection: A device attached to the system is not functioning. (0x1F)
Dec 18, 2022 09:41:45.351 [2560:6768:1218/094145.350:ERROR:util.cc(133)] Can't create base directory: C:\Program Files\Google\GoogleUpdater

Dec 18, 2022 11:47:30.766 NEW SESSION
Dec 18, 2022 11:47:30.766 [9972:9872:1218/114730.760:ERROR:device_event_log_impl.cc(215)] [11:47:30.760] USB: usb_device_handle_win.cc:1045 Failed to read descriptor from node connection: A device attached to the system is not functioning. (0x1F)
Dec 18, 2022 11:47:30.768 [9972:9872:1218/114730.762:ERROR:device_event_log_impl.cc(215)] [11:47:30.761] USB: usb_device_handle_win.cc:1045 Failed to read descriptor from node connection: A device attached to the system is not functioning. (0x1F)
Dec 18, 2022 11:47:30.768 [9972:9872:1218/114730.762:ERROR:device_event_log_impl.cc(215)] [11:47:30.762] USB: usb_device_handle_win.cc:1045 Failed to read descriptor from node connection: A device attached to the system is not functioning. (0x1F)
Dec 18, 2022 11:48:25.770 [9972:4064:1218/114825.769:ERROR:util.cc(133)] Can't create base directory: C:\Program Files\Google\GoogleUpdater

Dec 18, 2022 15:24:40.189 NEW SESSION
Dec 18, 2022 15:24:40.189 [244:8756:1218/152440.186:ERROR:device_event_log_impl.cc(215)] [15:24:40.186] USB: usb_device_handle_win.cc:1045 Failed to read descriptor from node connection: A device attached to the system is not functioning. (0x1F)
Dec 18, 2022 15:24:40.190 [244:8756:1218/152440.187:ERROR:device_event_log_impl.cc(215)] [15:24:40.188] USB: usb_device_handle_win.cc:1045 Failed to read descriptor from node connection: A device attached to the system is not functioning. (0x1F)
Dec 18, 2022 15:25:37.886 [244:7420:1218/152537.885:ERROR:util.cc(133)] Can't create base directory: C:\Program Files\Google\GoogleUpdater

Dec 18, 2022 15:29:56.21 NEW SESSION
Dec 18, 2022 15:29:56.22 [2068:820:1218/152956.019:ERROR:device_event_log_impl.cc(215)] [15:29:56.019] USB: usb_device_handle_win.cc:1045 Failed to read descriptor from node connection: A device attached to the system is not functioning. (0x1F)
Dec 18, 2022 15:29:56.22 [2068:820:1218/152956.020:ERROR:device_event_log_impl.cc(215)] [15:29:56.020] USB: usb_device_handle_win.cc:1045 Failed to read descriptor from node connection: A device attached to the system is not functioning. (0x1F)
Dec 18, 2022 15:30:53.329 [2068:2004:1218/153053.328:ERROR:util.cc(133)] Can't create base directory: C:\Program Files\Google\GoogleUpdater
Dec 18, 2022 15:35:50.506 [7244:7664:1218/153550.505:ERROR:device_event_log_impl.cc(215)] [15:35:50.505] USB: usb_device_handle_win.cc:1045 Failed to read descriptor from node connection: A device attached to the system is not functioning. (0x1F)
Dec 18, 2022 15:35:50.507 [7244:7664:1218/153550.506:ERROR:device_event_log_impl.cc(215)] [15:35:50.507] USB: usb_device_handle_win.cc:1045 Failed to read descriptor from node connection: A device attached to the system is not functioning. (0x1F)
Dec 18, 2022 15:36:47.259 [7244:368:1218/153647.258:ERROR:util.cc(133)] Can't create base directory: C:\Program Files\Google\GoogleUpdater
Dec 18, 2022 15:50:49.376 [5376:3180:1218/155049.375:ERROR:device_event_log_impl.cc(215)] [15:50:49.375] USB: usb_device_handle_win.cc:1045 Failed to read descriptor from node connection: A device attached to the system is not functioning. (0x1F)
Dec 18, 2022 15:50:49.377 [5376:3180:1218/155049.376:ERROR:device_event_log_impl.cc(215)] [15:50:49.377] USB: usb_device_handle_win.cc:1045 Failed to read descriptor from node connection: A device attached to the system is not functioning. (0x1F)
Dec 18, 2022 15:51:45.02 [5376:4044:1218/155145.001:ERROR:util.cc(133)] Can't create base directory: C:\Program Files\Google\GoogleUpdater
Dec 18, 2022 15:56:40.550 [9028:4248:1218/155640.550:ERROR:device_event_log_impl.cc(215)] [15:56:40.551] USB: usb_device_handle_win.cc:1045 Failed to read descriptor from node connection: A device attached to the system is not functioning. (0x1F)
Dec 18, 2022 15:56:40.552 [9028:4248:1218/155640.551:ERROR:device_event_log_impl.cc(215)] [15:56:40.552] USB: usb_device_handle_win.cc:1045 Failed to read descriptor from node connection: A device attached to the system is not functioning. (0x1F)
Dec 18, 2022 15:57:37.703 [9028:368:1218/155737.702:ERROR:util.cc(133)] Can't create base directory: C:\Program Files\Google\GoogleUpdater
Dec 18, 2022 16:33:47.473 [9028:4248:1218/163347.473:ERROR:device_event_log_impl.cc(215)] [16:33:47.473] USB: usb_service_win.cc:104 SetupDiGetDeviceProperty({{A45C254E-DF1C-4EFD-8020-67D146A850E0}, 6}) failed: Element not found. (0x490)

Dec 19, 2022 10:58:13.656 NEW SESSION
Dec 19, 2022 10:58:13.656 [4660:4584:1219/105813.654:ERROR:device_event_log_impl.cc(215)] [10:58:13.653] USB: usb_device_handle_win.cc:1045 Failed to read descriptor from node connection: A device attached to the system is not functioning. (0x1F)
Dec 19, 2022 10:58:13.657 [4660:4584:1219/105813.655:ERROR:device_event_log_impl.cc(215)] [10:58:13.655] USB: usb_device_handle_win.cc:1045 Failed to read descriptor from node connection: A device attached to the system is not functioning. (0x1F)
Dec 19, 2022 10:59:11.20 [4660:7864:1219/105911.019:ERROR:util.cc(133)] Can't create base directory: C:\Program Files\Google\GoogleUpdater
Dec 19, 2022 11:12:48.268 [1428:9732:1219/111248.267:ERROR:device_event_log_impl.cc(215)] [11:12:48.267] USB: usb_device_handle_win.cc:1045 Failed to read descriptor from node connection: A device attached to the system is not functioning. (0x1F)
Dec 19, 2022 11:12:48.270 [1428:9732:1219/111248.269:ERROR:device_event_log_impl.cc(215)] [11:12:48.268] USB: usb_device_handle_win.cc:1045 Failed to read descriptor from node connection: A device attached to the system is not functioning. (0x1F)
Dec 19, 2022 11:13:44.787 [1428:5528:1219/111344.786:ERROR:util.cc(133)] Can't create base directory: C:\Program Files\Google\GoogleUpdater
Dec 19, 2022 11:24:02.802 [1216:9672:1219/112402.801:ERROR:device_event_log_impl.cc(215)] [11:24:02.802] USB: usb_device_handle_win.cc:1045 Failed to read descriptor from node connection: A device attached to the system is not functioning. (0x1F)
Dec 19, 2022 11:24:02.803 [1216:9672:1219/112402.803:ERROR:device_event_log_impl.cc(215)] [11:24:02.803] USB: usb_device_handle_win.cc:1045 Failed to read descriptor from node connection: A device attached to the system is not functioning. (0x1F)
Dec 19, 2022 11:24:59.680 [1216:6852:1219/112459.679:ERROR:util.cc(133)] Can't create base directory: C:\Program Files\Google\GoogleUpdater

Dec 19, 2022 16:20:33.651 NEW SESSION
Dec 19, 2022 16:20:33.651 [2532:5308:1219/162033.648:ERROR:device_event_log_impl.cc(215)] [16:20:33.647] USB: usb_device_handle_win.cc:1045 Failed to read descriptor from node connection: A device attached to the system is not functioning. (0x1F)
Dec 19, 2022 16:20:33.652 [2532:5308:1219/162033.650:ERROR:device_event_log_impl.cc(215)] [16:20:33.649] USB: usb_device_handle_win.cc:1045 Failed to read descriptor from node connection: A device attached to the system is not functioning. (0x1F)
Dec 19, 2022 16:21:30.332 [2532:7092:1219/162130.331:ERROR:util.cc(133)] Can't create base directory: C:\Program Files\Google\GoogleUpdater
Dec 19, 2022 16:50:50.487 [252:1908:1219/165050.487:ERROR:device_event_log_impl.cc(215)] [16:50:50.486] USB: usb_device_handle_win.cc:1045 Failed to read descriptor from node connection: A device attached to the system is not functioning. (0x1F)
Dec 19, 2022 16:50:50.489 [252:1908:1219/165050.489:ERROR:device_event_log_impl.cc(215)] [16:50:50.488] USB: usb_device_handle_win.cc:1045 Failed to read descriptor from node connection: A device attached to the system is not functioning. (0x1F)
Dec 19, 2022 16:51:47.462 [252:3448:1219/165147.461:ERROR:util.cc(133)] Can't create base directory: C:\Program Files\Google\GoogleUpdater
Dec 19, 2022 17:12:40.949 [5876:2928:1219/171240.949:ERROR:device_event_log_impl.cc(215)] [17:12:40.949] USB: usb_device_handle_win.cc:1045 Failed to read descriptor from node connection: A device attached to the system is not functioning. (0x1F)
Dec 19, 2022 17:12:40.951 [5876:2928:1219/171240.951:ERROR:device_event_log_impl.cc(215)] [17:12:40.951] USB: usb_device_handle_win.cc:1045 Failed to read descriptor from node connection: A device attached to the system is not functioning. (0x1F)
Dec 19, 2022 17:13:37.576 [5876:8680:1219/171337.576:ERROR:util.cc(133)] Can't create base directory: C:\Program Files\Google\GoogleUpdater

Dec 19, 2022 17:26:47.41 NEW SESSION
Dec 19, 2022 17:26:47.42 [8648:592:1219/172647.039:ERROR:device_event_log_impl.cc(215)] [17:26:47.039] USB: usb_device_handle_win.cc:1045 Failed to read descriptor from node connection: A device attached to the system is not functioning. (0x1F)
Dec 19, 2022 17:26:47.43 [8648:592:1219/172647.041:ERROR:device_event_log_impl.cc(215)] [17:26:47.042] USB: usb_device_handle_win.cc:1045 Failed to read descriptor from node connection: A device attached to the system is not functioning. (0x1F)
Dec 19, 2022 17:27:43.707 [8648:4508:1219/172743.706:ERROR:util.cc(133)] Can't create base directory: C:\Program Files\Google\GoogleUpdater
Dec 19, 2022 18:11:21.908 [8648:592:1219/181121.908:ERROR:device_event_log_impl.cc(215)] [18:11:21.907] USB: usb_service_win.cc:104 SetupDiGetDeviceProperty({{A45C254E-DF1C-4EFD-8020-67D146A850E0}, 6}) failed: Element not found. (0x490)
Dec 19, 2022 20:50:34.897 [5796:8656:1219/205034.896:ERROR:device_event_log_impl.cc(215)] [20:50:34.896] USB: usb_device_handle_win.cc:1045 Failed to read descriptor from node connection: A device attached to the system is not functioning. (0x1F)
Dec 19, 2022 20:50:34.899 [5796:8656:1219/205034.898:ERROR:device_event_log_impl.cc(215)] [20:50:34.898] USB: usb_device_handle_win.cc:1045 Failed to read descriptor from node connection: A device attached to the system is not functioning. (0x1F)
Dec 19, 2022 20:51:31.942 [5796:5880:1219/205131.941:ERROR:util.cc(133)] Can't create base directory: C:\Program Files\Google\GoogleUpdater
Dec 19, 2022 22:11:24.177 [7988:10860:1219/221124.176:ERROR:device_event_log_impl.cc(215)] [22:11:24.176] USB: usb_device_handle_win.cc:1045 Failed to read descriptor from node connection: A device attached to the system is not functioning. (0x1F)
Dec 19, 2022 22:11:24.179 [7988:10860:1219/221124.178:ERROR:device_event_log_impl.cc(215)] [22:11:24.178] USB: usb_device_handle_win.cc:1045 Failed to read descriptor from node connection: A device attached to the system is not functioning. (0x1F)
Dec 19, 2022 22:12:21.610 [7988:10192:1219/221221.609:ERROR:util.cc(133)] Can't create base directory: C:\Program Files\Google\GoogleUpdater
Dec 19, 2022 22:14:50.334 [2780:4384:1219/221450.334:ERROR:device_event_log_impl.cc(215)] [22:14:50.334] USB: usb_device_handle_win.cc:1045 Failed to read descriptor from node connection: A device attached to the system is not functioning. (0x1F)
Dec 19, 2022 22:14:50.337 [2780:4384:1219/221450.336:ERROR:device_event_log_impl.cc(215)] [22:14:50.336] USB: usb_device_handle_win.cc:1045 Failed to read descriptor from node connection: A device attached to the system is not functioning. (0x1F)
Dec 19, 2022 22:15:47.827 [2780:8584:1219/221547.826:ERROR:util.cc(133)] Can't create base directory: C:\Program Files\Google\GoogleUpdater

Dec 19, 2022 22:20:52.957 NEW SESSION
Dec 19, 2022 22:20:52.957 [10272:1584:1219/222052.955:ERROR:device_event_log_impl.cc(215)] [22:20:52.955] USB: usb_device_handle_win.cc:1045 Failed to read descriptor from node connection: A device attached to the system is not functioning. (0x1F)
Dec 19, 2022 22:20:52.958 [10272:1584:1219/222052.957:ERROR:device_event_log_impl.cc(215)] [22:20:52.957] USB: usb_device_handle_win.cc:1045 Failed to read descriptor from node connection: A device attached to the system is not functioning. (0x1F)
Dec 19, 2022 22:21:50.472 [10272:9376:1219/222150.472:ERROR:util.cc(133)] Can't create base directory: C:\Program Files\Google\GoogleUpdater
Dec 19, 2022 22:24:53.482 [10272:1584:1219/222453.482:ERROR:device_event_log_impl.cc(215)] [22:24:53.482] USB: usb_service_win.cc:104 SetupDiGetDeviceProperty({{A45C254E-DF1C-4EFD-8020-67D146A850E0}, 6}) failed: Element not found. (0x490)

Dec 27, 2022 17:03:13.122 NEW SESSION
Dec 27, 2022 17:03:13.122 [9124:6240:1227/170313.118:ERROR:device_event_log_impl.cc(215)] [17:03:13.118] USB: usb_device_handle_win.cc:1045 Failed to read descriptor from node connection: A device attached to the system is not functioning. (0x1F)
Dec 27, 2022 17:04:05.906 [9124:4044:1227/170405.905:ERROR:util.cc(133)] Can't create base directory: C:\Program Files\Google\GoogleUpdater
